[2024-03-06T07:57:47.529+0000] {manager.py:469} INFO - Processing files using up to 1 processes at a time 
[2024-03-06T07:57:47.532+0000] {manager.py:470} INFO - Process each file at most once every 30 seconds
[2024-03-06T07:57:47.535+0000] {manager.py:471} INFO - Checking for new files in /opt/airflow/dags every 300 seconds
[2024-03-06T07:57:47.537+0000] {manager.py:738} INFO - Searching for files in /opt/airflow/dags
[2024-03-06T07:57:47.541+0000] {manager.py:741} INFO - There are 0 files in /opt/airflow/dags
[2024-03-06T08:02:47.847+0000] {manager.py:738} INFO - Searching for files in /opt/airflow/dags
[2024-03-06T08:02:47.909+0000] {manager.py:741} INFO - There are 0 files in /opt/airflow/dags
[2024-03-06T08:26:24.609+0000] {manager.py:469} INFO - Processing files using up to 1 processes at a time 
[2024-03-06T08:26:24.616+0000] {manager.py:470} INFO - Process each file at most once every 30 seconds
[2024-03-06T08:26:24.624+0000] {manager.py:471} INFO - Checking for new files in /opt/airflow/dags every 300 seconds
[2024-03-06T08:26:24.627+0000] {manager.py:738} INFO - Searching for files in /opt/airflow/dags
[2024-03-06T08:26:24.632+0000] {manager.py:741} INFO - There are 0 files in /opt/airflow/dags
[2024-03-06T08:31:24.936+0000] {manager.py:738} INFO - Searching for files in /opt/airflow/dags
[2024-03-06T08:31:25.031+0000] {manager.py:741} INFO - There are 0 files in /opt/airflow/dags
[2024-03-06T09:22:18.722+0000] {manager.py:469} INFO - Processing files using up to 1 processes at a time 
[2024-03-06T09:22:18.725+0000] {manager.py:470} INFO - Process each file at most once every 30 seconds
[2024-03-06T09:22:18.728+0000] {manager.py:471} INFO - Checking for new files in /opt/airflow/dags every 300 seconds
[2024-03-06T09:22:18.741+0000] {manager.py:738} INFO - Searching for files in /opt/airflow/dags
[2024-03-06T09:22:18.830+0000] {manager.py:741} INFO - There are 1 files in /opt/airflow/dags
[2024-03-06T09:22:19.886+0000] {manager.py:879} INFO - 
================================================================================
DAG File Processing Stats

File Path                 PID    Runtime      # DAGs    # Errors  Last Runtime    Last Run
------------------------  -----  ---------  --------  ----------  --------------  -------------------
/opt/airflow/dags/dag.py                           0           1  0.63s           2024-03-06T09:22:19
================================================================================
[2024-03-06T09:22:51.262+0000] {manager.py:879} INFO - 
================================================================================
DAG File Processing Stats

File Path                 PID    Runtime      # DAGs    # Errors  Last Runtime    Last Run
------------------------  -----  ---------  --------  ----------  --------------  -------------------
/opt/airflow/dags/dag.py                           0           1  0.32s           2024-03-06T09:22:51
================================================================================
[2024-03-06T09:23:24.844+0000] {manager.py:879} INFO - 
================================================================================
DAG File Processing Stats

File Path                 PID    Runtime      # DAGs    # Errors  Last Runtime    Last Run
------------------------  -----  ---------  --------  ----------  --------------  -------------------
/opt/airflow/dags/dag.py                           0           1  0.85s           2024-03-06T09:23:24
================================================================================
[2024-03-06T09:23:58.181+0000] {manager.py:879} INFO - 
================================================================================
DAG File Processing Stats

File Path                 PID    Runtime      # DAGs    # Errors  Last Runtime    Last Run
------------------------  -----  ---------  --------  ----------  --------------  -------------------
/opt/airflow/dags/dag.py                           0           1  2.11s           2024-03-06T09:23:58
================================================================================
[2024-03-06T09:24:39.199+0000] {manager.py:879} INFO - 
================================================================================
DAG File Processing Stats

File Path                 PID    Runtime      # DAGs    # Errors  Last Runtime    Last Run
------------------------  -----  ---------  --------  ----------  --------------  -------------------
/opt/airflow/dags/dag.py                           0           1  4.06s           2024-03-06T09:24:39
================================================================================
[2024-03-06T09:25:11.947+0000] {manager.py:879} INFO - 
================================================================================
DAG File Processing Stats

File Path                 PID    Runtime      # DAGs    # Errors  Last Runtime    Last Run
------------------------  -----  ---------  --------  ----------  --------------  -------------------
/opt/airflow/dags/dag.py                           0           1  1.68s           2024-03-06T09:25:11
================================================================================
[2024-03-06T09:25:47.525+0000] {manager.py:879} INFO - 
================================================================================
DAG File Processing Stats

File Path                 PID    Runtime      # DAGs    # Errors  Last Runtime    Last Run
------------------------  -----  ---------  --------  ----------  --------------  -------------------
/opt/airflow/dags/dag.py                           0           1  3.51s           2024-03-06T09:25:47
================================================================================
[2024-03-06T09:26:19.714+0000] {manager.py:879} INFO - 
================================================================================
DAG File Processing Stats

File Path                 PID    Runtime      # DAGs    # Errors  Last Runtime    Last Run
------------------------  -----  ---------  --------  ----------  --------------  -------------------
/opt/airflow/dags/dag.py                           0           1  1.15s           2024-03-06T09:26:19
================================================================================
[2024-03-06T09:26:51.602+0000] {manager.py:879} INFO - 
================================================================================
DAG File Processing Stats

File Path                 PID    Runtime      # DAGs    # Errors  Last Runtime    Last Run
------------------------  -----  ---------  --------  ----------  --------------  -------------------
/opt/airflow/dags/dag.py                           0           1  0.33s           2024-03-06T09:26:51
================================================================================
[2024-03-06T09:27:18.839+0000] {manager.py:738} INFO - Searching for files in /opt/airflow/dags
[2024-03-06T09:27:18.889+0000] {manager.py:741} INFO - There are 1 files in /opt/airflow/dags
[2024-03-06T09:27:22.286+0000] {manager.py:879} INFO - 
================================================================================
DAG File Processing Stats

File Path                 PID    Runtime      # DAGs    # Errors  Last Runtime    Last Run
------------------------  -----  ---------  --------  ----------  --------------  -------------------
/opt/airflow/dags/dag.py                           0           1  0.52s           2024-03-06T09:27:22
================================================================================
[2024-03-06T09:28:00.933+0000] {manager.py:879} INFO - 
================================================================================
DAG File Processing Stats

File Path                 PID    Runtime      # DAGs    # Errors  Last Runtime    Last Run
------------------------  -----  ---------  --------  ----------  --------------  -------------------
/opt/airflow/dags/dag.py                           0           1  0.41s           2024-03-06T09:28:00
================================================================================
[2024-03-06T09:28:31.938+0000] {manager.py:879} INFO - 
================================================================================
DAG File Processing Stats

File Path                 PID    Runtime      # DAGs    # Errors  Last Runtime    Last Run
------------------------  -----  ---------  --------  ----------  --------------  -------------------
/opt/airflow/dags/dag.py                           0           1  0.32s           2024-03-06T09:28:31
================================================================================
[2024-03-06T09:29:02.874+0000] {manager.py:879} INFO - 
================================================================================
DAG File Processing Stats

File Path                 PID    Runtime      # DAGs    # Errors  Last Runtime    Last Run
------------------------  -----  ---------  --------  ----------  --------------  -------------------
/opt/airflow/dags/dag.py                           0           1  0.51s           2024-03-06T09:29:02
================================================================================
[2024-03-06T09:29:34.691+0000] {manager.py:879} INFO - 
================================================================================
DAG File Processing Stats

File Path                 PID    Runtime      # DAGs    # Errors  Last Runtime    Last Run
------------------------  -----  ---------  --------  ----------  --------------  -------------------
/opt/airflow/dags/dag.py                           0           1  1.73s           2024-03-06T09:29:34
================================================================================
[2024-03-06T09:30:07.716+0000] {manager.py:879} INFO - 
================================================================================
DAG File Processing Stats

File Path                 PID    Runtime      # DAGs    # Errors  Last Runtime    Last Run
------------------------  -----  ---------  --------  ----------  --------------  -------------------
/opt/airflow/dags/dag.py                           0           1  2.47s           2024-03-06T09:30:07
================================================================================
[2024-03-06T09:30:50.982+0000] {manager.py:879} INFO - 
================================================================================
DAG File Processing Stats

File Path                 PID    Runtime      # DAGs    # Errors  Last Runtime    Last Run
------------------------  -----  ---------  --------  ----------  --------------  -------------------
/opt/airflow/dags/dag.py                           0           1  6.73s           2024-03-06T09:30:50
================================================================================
[2024-03-06T09:31:26.729+0000] {manager.py:879} INFO - 
================================================================================
DAG File Processing Stats

File Path                 PID    Runtime      # DAGs    # Errors  Last Runtime    Last Run
------------------------  -----  ---------  --------  ----------  --------------  -------------------
/opt/airflow/dags/dag.py                           0           1  3.06s           2024-03-06T09:31:26
================================================================================
[2024-03-06T09:31:58.471+0000] {manager.py:879} INFO - 
================================================================================
DAG File Processing Stats

File Path                 PID    Runtime      # DAGs    # Errors  Last Runtime    Last Run
------------------------  -----  ---------  --------  ----------  --------------  -------------------
/opt/airflow/dags/dag.py                           0           1  0.85s           2024-03-06T09:31:47
================================================================================
[2024-03-06T09:32:21.097+0000] {manager.py:738} INFO - Searching for files in /opt/airflow/dags
[2024-03-06T09:32:21.994+0000] {manager.py:741} INFO - There are 1 files in /opt/airflow/dags
[2024-03-06T09:32:30.889+0000] {manager.py:879} INFO - 
================================================================================
DAG File Processing Stats

File Path                 PID    Runtime      # DAGs    # Errors  Last Runtime    Last Run
------------------------  -----  ---------  --------  ----------  --------------  -------------------
/opt/airflow/dags/dag.py                           0           1  1.93s           2024-03-06T09:32:27
================================================================================
[2024-03-06T09:33:01.636+0000] {manager.py:879} INFO - 
================================================================================
DAG File Processing Stats

File Path                 PID    Runtime      # DAGs    # Errors  Last Runtime    Last Run
------------------------  -----  ---------  --------  ----------  --------------  -------------------
/opt/airflow/dags/dag.py                           0           1  0.31s           2024-03-06T09:32:57
================================================================================
[2024-03-06T09:33:32.144+0000] {manager.py:879} INFO - 
================================================================================
DAG File Processing Stats

File Path                 PID    Runtime      # DAGs    # Errors  Last Runtime    Last Run
------------------------  -----  ---------  --------  ----------  --------------  -------------------
/opt/airflow/dags/dag.py                           0           1  0.31s           2024-03-06T09:33:18
================================================================================
[2024-03-06T09:34:02.992+0000] {manager.py:879} INFO - 
================================================================================
DAG File Processing Stats

File Path                 PID    Runtime      # DAGs    # Errors  Last Runtime    Last Run
------------------------  -----  ---------  --------  ----------  --------------  -------------------
/opt/airflow/dags/dag.py                           0           1  0.21s           2024-03-06T09:33:49
================================================================================
[2024-03-06T09:34:33.065+0000] {manager.py:879} INFO - 
================================================================================
DAG File Processing Stats

File Path                 PID    Runtime      # DAGs    # Errors  Last Runtime    Last Run
------------------------  -----  ---------  --------  ----------  --------------  -------------------
/opt/airflow/dags/dag.py                           0           1  7.74s           2024-03-06T09:34:27
================================================================================
[2024-03-06T09:35:04.102+0000] {manager.py:879} INFO - 
================================================================================
DAG File Processing Stats

File Path                 PID    Runtime      # DAGs    # Errors  Last Runtime    Last Run
------------------------  -----  ---------  --------  ----------  --------------  -------------------
/opt/airflow/dags/dag.py                           0           1  0.31s           2024-03-06T09:34:59
================================================================================
[2024-03-06T09:35:34.857+0000] {manager.py:879} INFO - 
================================================================================
DAG File Processing Stats

File Path                 PID    Runtime      # DAGs    # Errors  Last Runtime    Last Run
------------------------  -----  ---------  --------  ----------  --------------  -------------------
/opt/airflow/dags/dag.py                           0           1  0.22s           2024-03-06T09:35:29
================================================================================
[2024-03-06T09:36:05.788+0000] {manager.py:879} INFO - 
================================================================================
DAG File Processing Stats

File Path                 PID    Runtime      # DAGs    # Errors  Last Runtime    Last Run
------------------------  -----  ---------  --------  ----------  --------------  -------------------
/opt/airflow/dags/dag.py                           0           1  0.51s           2024-03-06T09:35:51
================================================================================
[2024-03-06T09:36:36.749+0000] {manager.py:879} INFO - 
================================================================================
DAG File Processing Stats

File Path                 PID    Runtime      # DAGs    # Errors  Last Runtime    Last Run
------------------------  -----  ---------  --------  ----------  --------------  -------------------
/opt/airflow/dags/dag.py                           0           1  0.31s           2024-03-06T09:36:22
================================================================================
[2024-03-06T09:37:07.367+0000] {manager.py:879} INFO - 
================================================================================
DAG File Processing Stats

File Path                 PID    Runtime      # DAGs    # Errors  Last Runtime    Last Run
------------------------  -----  ---------  --------  ----------  --------------  -------------------
/opt/airflow/dags/dag.py                           0           1  0.31s           2024-03-06T09:36:53
================================================================================
[2024-03-06T09:37:21.508+0000] {manager.py:738} INFO - Searching for files in /opt/airflow/dags
[2024-03-06T09:37:21.729+0000] {manager.py:741} INFO - There are 1 files in /opt/airflow/dags
[2024-03-06T09:37:38.414+0000] {manager.py:879} INFO - 
================================================================================
DAG File Processing Stats

File Path                 PID    Runtime      # DAGs    # Errors  Last Runtime    Last Run
------------------------  -----  ---------  --------  ----------  --------------  -------------------
/opt/airflow/dags/dag.py                           0           1  0.21s           2024-03-06T09:37:24
================================================================================
[2024-03-06T09:38:09.485+0000] {manager.py:879} INFO - 
================================================================================
DAG File Processing Stats

File Path                 PID    Runtime      # DAGs    # Errors  Last Runtime    Last Run
------------------------  -----  ---------  --------  ----------  --------------  -------------------
/opt/airflow/dags/dag.py                           0           1  0.22s           2024-03-06T09:37:55
================================================================================
[2024-03-06T09:38:39.999+0000] {manager.py:879} INFO - 
================================================================================
DAG File Processing Stats

File Path                 PID    Runtime      # DAGs    # Errors  Last Runtime    Last Run
------------------------  -----  ---------  --------  ----------  --------------  -------------------
/opt/airflow/dags/dag.py                           0           1  0.32s           2024-03-06T09:38:25
================================================================================
[2024-03-06T09:39:11.150+0000] {manager.py:879} INFO - 
================================================================================
DAG File Processing Stats

File Path                 PID    Runtime      # DAGs    # Errors  Last Runtime    Last Run
------------------------  -----  ---------  --------  ----------  --------------  -------------------
/opt/airflow/dags/dag.py                           0           1  0.32s           2024-03-06T09:38:56
================================================================================
[2024-03-06T09:39:42.223+0000] {manager.py:879} INFO - 
================================================================================
DAG File Processing Stats

File Path                 PID    Runtime      # DAGs    # Errors  Last Runtime    Last Run
------------------------  -----  ---------  --------  ----------  --------------  -------------------
/opt/airflow/dags/dag.py                           0           1  0.31s           2024-03-06T09:39:27
================================================================================
[2024-03-06T09:40:13.470+0000] {manager.py:879} INFO - 
================================================================================
DAG File Processing Stats

File Path                 PID    Runtime      # DAGs    # Errors  Last Runtime    Last Run
------------------------  -----  ---------  --------  ----------  --------------  -------------------
/opt/airflow/dags/dag.py                           0           1  0.22s           2024-03-06T09:39:58
================================================================================
[2024-03-06T09:40:44.230+0000] {manager.py:879} INFO - 
================================================================================
DAG File Processing Stats

File Path                 PID    Runtime      # DAGs    # Errors  Last Runtime    Last Run
------------------------  -----  ---------  --------  ----------  --------------  -------------------
/opt/airflow/dags/dag.py                           0           1  0.41s           2024-03-06T09:40:28
================================================================================
[2024-03-06T09:41:14.285+0000] {manager.py:879} INFO - 
================================================================================
DAG File Processing Stats

File Path                 PID    Runtime      # DAGs    # Errors  Last Runtime    Last Run
------------------------  -----  ---------  --------  ----------  --------------  -------------------
/opt/airflow/dags/dag.py                           0           1  0.51s           2024-03-06T09:40:59
================================================================================
[2024-03-06T09:41:44.730+0000] {manager.py:879} INFO - 
================================================================================
DAG File Processing Stats

File Path                 PID    Runtime      # DAGs    # Errors  Last Runtime    Last Run
------------------------  -----  ---------  --------  ----------  --------------  -------------------
/opt/airflow/dags/dag.py                           0           1  0.21s           2024-03-06T09:41:30
================================================================================
[2024-03-06T09:42:15.212+0000] {manager.py:879} INFO - 
================================================================================
DAG File Processing Stats

File Path                 PID    Runtime      # DAGs    # Errors  Last Runtime    Last Run
------------------------  -----  ---------  --------  ----------  --------------  -------------------
/opt/airflow/dags/dag.py                           0           1  0.21s           2024-03-06T09:42:01
================================================================================
[2024-03-06T09:42:21.924+0000] {manager.py:738} INFO - Searching for files in /opt/airflow/dags
[2024-03-06T09:42:22.132+0000] {manager.py:741} INFO - There are 1 files in /opt/airflow/dags
[2024-03-06T09:42:45.611+0000] {manager.py:879} INFO - 
================================================================================
DAG File Processing Stats

File Path                 PID    Runtime      # DAGs    # Errors  Last Runtime    Last Run
------------------------  -----  ---------  --------  ----------  --------------  -------------------
/opt/airflow/dags/dag.py                           0           1  0.31s           2024-03-06T09:42:31
================================================================================
[2024-03-06T09:43:16.547+0000] {manager.py:879} INFO - 
================================================================================
DAG File Processing Stats

File Path                 PID    Runtime      # DAGs    # Errors  Last Runtime    Last Run
------------------------  -----  ---------  --------  ----------  --------------  -------------------
/opt/airflow/dags/dag.py                           0           1  0.22s           2024-03-06T09:43:02
================================================================================
[2024-03-06T09:43:46.989+0000] {manager.py:879} INFO - 
================================================================================
DAG File Processing Stats

File Path                 PID    Runtime      # DAGs    # Errors  Last Runtime    Last Run
------------------------  -----  ---------  --------  ----------  --------------  -------------------
/opt/airflow/dags/dag.py                           0           1  0.21s           2024-03-06T09:43:33
================================================================================
[2024-03-06T09:44:17.871+0000] {manager.py:879} INFO - 
================================================================================
DAG File Processing Stats

File Path                 PID    Runtime      # DAGs    # Errors  Last Runtime    Last Run
------------------------  -----  ---------  --------  ----------  --------------  -------------------
/opt/airflow/dags/dag.py                           0           1  0.31s           2024-03-06T09:44:04
================================================================================
[2024-03-06T09:44:50.169+0000] {manager.py:879} INFO - 
================================================================================
DAG File Processing Stats

File Path                 PID    Runtime      # DAGs    # Errors  Last Runtime    Last Run
------------------------  -----  ---------  --------  ----------  --------------  -------------------
/opt/airflow/dags/dag.py                           0           1  0.21s           2024-03-06T09:44:34
================================================================================
[2024-03-06T09:45:21.240+0000] {manager.py:879} INFO - 
================================================================================
DAG File Processing Stats

File Path                 PID    Runtime      # DAGs    # Errors  Last Runtime    Last Run
------------------------  -----  ---------  --------  ----------  --------------  -------------------
/opt/airflow/dags/dag.py                           0           1  1.33s           2024-03-06T09:45:07
================================================================================
[2024-03-06T09:45:51.363+0000] {manager.py:879} INFO - 
================================================================================
DAG File Processing Stats

File Path                 PID    Runtime      # DAGs    # Errors  Last Runtime    Last Run
------------------------  -----  ---------  --------  ----------  --------------  -------------------
/opt/airflow/dags/dag.py                           0           1  0.61s           2024-03-06T09:45:39
================================================================================
[2024-03-06T09:46:21.894+0000] {manager.py:879} INFO - 
================================================================================
DAG File Processing Stats

File Path                 PID    Runtime      # DAGs    # Errors  Last Runtime    Last Run
------------------------  -----  ---------  --------  ----------  --------------  -------------------
/opt/airflow/dags/dag.py                           0           1  1.13s           2024-03-06T09:46:10
================================================================================
[2024-03-06T09:46:52.690+0000] {manager.py:879} INFO - 
================================================================================
DAG File Processing Stats

File Path                 PID    Runtime      # DAGs    # Errors  Last Runtime    Last Run
------------------------  -----  ---------  --------  ----------  --------------  -------------------
/opt/airflow/dags/dag.py                           0           1  0.42s           2024-03-06T09:46:41
================================================================================
[2024-03-06T09:47:24.681+0000] {manager.py:738} INFO - Searching for files in /opt/airflow/dags
[2024-03-06T09:47:26.924+0000] {manager.py:741} INFO - There are 1 files in /opt/airflow/dags
[2024-03-06T09:47:29.297+0000] {manager.py:879} INFO - 
================================================================================
DAG File Processing Stats

File Path                 PID    Runtime      # DAGs    # Errors  Last Runtime    Last Run
------------------------  -----  ---------  --------  ----------  --------------  -------------------
/opt/airflow/dags/dag.py                           0           1  0.72s           2024-03-06T09:47:12
================================================================================
[2024-03-06T09:47:59.887+0000] {manager.py:879} INFO - 
================================================================================
DAG File Processing Stats

File Path                 PID    Runtime      # DAGs    # Errors  Last Runtime    Last Run
------------------------  -----  ---------  --------  ----------  --------------  -------------------
/opt/airflow/dags/dag.py                           0           1  0.31s           2024-03-06T09:47:43
================================================================================
[2024-03-06T09:48:32.259+0000] {manager.py:879} INFO - 
================================================================================
DAG File Processing Stats

File Path                 PID    Runtime      # DAGs    # Errors  Last Runtime    Last Run
------------------------  -----  ---------  --------  ----------  --------------  -------------------
/opt/airflow/dags/dag.py                           0           1  0.51s           2024-03-06T09:48:14
================================================================================
[2024-03-06T09:49:03.402+0000] {manager.py:879} INFO - 
================================================================================
DAG File Processing Stats

File Path                 PID    Runtime      # DAGs    # Errors  Last Runtime    Last Run
------------------------  -----  ---------  --------  ----------  --------------  -------------------
/opt/airflow/dags/dag.py                           0           1  2.67s           2024-03-06T09:48:48
================================================================================
[2024-03-06T09:49:33.905+0000] {manager.py:879} INFO - 
================================================================================
DAG File Processing Stats

File Path                 PID    Runtime      # DAGs    # Errors  Last Runtime    Last Run
------------------------  -----  ---------  --------  ----------  --------------  -------------------
/opt/airflow/dags/dag.py                           0           1  0.31s           2024-03-06T09:49:19
================================================================================
[2024-03-06T09:50:04.746+0000] {manager.py:879} INFO - 
================================================================================
DAG File Processing Stats

File Path                 PID    Runtime      # DAGs    # Errors  Last Runtime    Last Run
------------------------  -----  ---------  --------  ----------  --------------  -------------------
/opt/airflow/dags/dag.py                           0           1  0.32s           2024-03-06T09:49:50
================================================================================
[2024-03-06T09:50:36.916+0000] {manager.py:879} INFO - 
================================================================================
DAG File Processing Stats

File Path                 PID    Runtime      # DAGs    # Errors  Last Runtime    Last Run
------------------------  -----  ---------  --------  ----------  --------------  -------------------
/opt/airflow/dags/dag.py                           0           1  3.86s           2024-03-06T09:50:32
================================================================================
[2024-03-06T09:51:09.926+0000] {manager.py:879} INFO - 
================================================================================
DAG File Processing Stats

File Path                 PID    Runtime      # DAGs    # Errors  Last Runtime    Last Run
------------------------  -----  ---------  --------  ----------  --------------  -------------------
/opt/airflow/dags/dag.py                           0           1  2.42s           2024-03-06T09:51:09
================================================================================
[2024-03-06T09:51:43.017+0000] {manager.py:879} INFO - 
================================================================================
DAG File Processing Stats

File Path                 PID    Runtime      # DAGs    # Errors  Last Runtime    Last Run
------------------------  -----  ---------  --------  ----------  --------------  -------------------
/opt/airflow/dags/dag.py                           0           1  1.03s           2024-03-06T09:51:43
================================================================================
[2024-03-06T09:52:17.173+0000] {manager.py:879} INFO - 
================================================================================
DAG File Processing Stats

File Path                 PID    Runtime      # DAGs    # Errors  Last Runtime    Last Run
------------------------  -----  ---------  --------  ----------  --------------  -------------------
/opt/airflow/dags/dag.py                           0           1  3.33s           2024-03-06T09:52:17
================================================================================
[2024-03-06T09:52:25.310+0000] {manager.py:738} INFO - Searching for files in /opt/airflow/dags
[2024-03-06T09:52:31.602+0000] {manager.py:741} INFO - There are 1 files in /opt/airflow/dags
[2024-03-06T09:52:48.557+0000] {manager.py:879} INFO - 
================================================================================
DAG File Processing Stats

File Path                 PID    Runtime      # DAGs    # Errors  Last Runtime    Last Run
------------------------  -----  ---------  --------  ----------  --------------  -------------------
/opt/airflow/dags/dag.py                           0           1  0.72s           2024-03-06T09:52:48
================================================================================
[2024-03-06T09:53:19.494+0000] {manager.py:879} INFO - 
================================================================================
DAG File Processing Stats

File Path                 PID    Runtime      # DAGs    # Errors  Last Runtime    Last Run
------------------------  -----  ---------  --------  ----------  --------------  -------------------
/opt/airflow/dags/dag.py                           0           1  0.44s           2024-03-06T09:53:19
================================================================================
[2024-03-06T09:53:50.180+0000] {manager.py:879} INFO - 
================================================================================
DAG File Processing Stats

File Path                 PID    Runtime      # DAGs    # Errors  Last Runtime    Last Run
------------------------  -----  ---------  --------  ----------  --------------  -------------------
/opt/airflow/dags/dag.py                           0           1  0.42s           2024-03-06T09:53:50
================================================================================
[2024-03-06T09:54:21.739+0000] {manager.py:879} INFO - 
================================================================================
DAG File Processing Stats

File Path                 PID    Runtime      # DAGs    # Errors  Last Runtime    Last Run
------------------------  -----  ---------  --------  ----------  --------------  -------------------
/opt/airflow/dags/dag.py                           0           1  0.72s           2024-03-06T09:54:21
================================================================================
[2024-03-06T09:54:53.208+0000] {manager.py:879} INFO - 
================================================================================
DAG File Processing Stats

File Path                 PID    Runtime      # DAGs    # Errors  Last Runtime    Last Run
------------------------  -----  ---------  --------  ----------  --------------  -------------------
/opt/airflow/dags/dag.py                           0           1  0.31s           2024-03-06T09:54:53
================================================================================
[2024-03-06T09:55:24.702+0000] {manager.py:879} INFO - 
================================================================================
DAG File Processing Stats

File Path                 PID    Runtime      # DAGs    # Errors  Last Runtime    Last Run
------------------------  -----  ---------  --------  ----------  --------------  -------------------
/opt/airflow/dags/dag.py                           0           1  0.43s           2024-03-06T09:55:24
================================================================================
[2024-03-06T09:55:55.630+0000] {manager.py:879} INFO - 
================================================================================
DAG File Processing Stats

File Path                 PID    Runtime      # DAGs    # Errors  Last Runtime    Last Run
------------------------  -----  ---------  --------  ----------  --------------  -------------------
/opt/airflow/dags/dag.py                           0           1  0.66s           2024-03-06T09:55:55
================================================================================
[2024-03-06T09:56:26.288+0000] {manager.py:879} INFO - 
================================================================================
DAG File Processing Stats

File Path                 PID    Runtime      # DAGs    # Errors  Last Runtime    Last Run
------------------------  -----  ---------  --------  ----------  --------------  -------------------
/opt/airflow/dags/dag.py                           0           1  0.32s           2024-03-06T09:56:26
================================================================================
[2024-03-06T09:56:56.764+0000] {manager.py:879} INFO - 
================================================================================
DAG File Processing Stats

File Path                 PID    Runtime      # DAGs    # Errors  Last Runtime    Last Run
------------------------  -----  ---------  --------  ----------  --------------  -------------------
/opt/airflow/dags/dag.py                           0           1  0.32s           2024-03-06T09:56:56
================================================================================
[2024-03-06T09:57:25.688+0000] {manager.py:738} INFO - Searching for files in /opt/airflow/dags
[2024-03-06T09:57:26.007+0000] {manager.py:741} INFO - There are 1 files in /opt/airflow/dags
[2024-03-06T09:57:27.809+0000] {manager.py:879} INFO - 
================================================================================
DAG File Processing Stats

File Path                 PID    Runtime      # DAGs    # Errors  Last Runtime    Last Run
------------------------  -----  ---------  --------  ----------  --------------  -------------------
/opt/airflow/dags/dag.py                           0           1  0.35s           2024-03-06T09:57:27
================================================================================
[2024-03-06T09:57:58.643+0000] {manager.py:879} INFO - 
================================================================================
DAG File Processing Stats

File Path                 PID    Runtime      # DAGs    # Errors  Last Runtime    Last Run
------------------------  -----  ---------  --------  ----------  --------------  -------------------
/opt/airflow/dags/dag.py                           0           1  0.61s           2024-03-06T09:57:58
================================================================================
[2024-03-06T09:58:29.694+0000] {manager.py:879} INFO - 
================================================================================
DAG File Processing Stats

File Path                 PID    Runtime      # DAGs    # Errors  Last Runtime    Last Run
------------------------  -----  ---------  --------  ----------  --------------  -------------------
/opt/airflow/dags/dag.py                           0           1  0.21s           2024-03-06T09:58:29
================================================================================
[2024-03-06T09:59:00.998+0000] {manager.py:879} INFO - 
================================================================================
DAG File Processing Stats

File Path                 PID    Runtime      # DAGs    # Errors  Last Runtime    Last Run
------------------------  -----  ---------  --------  ----------  --------------  -------------------
/opt/airflow/dags/dag.py                           0           1  0.21s           2024-03-06T09:59:00
================================================================================
[2024-03-06T09:59:32.329+0000] {manager.py:879} INFO - 
================================================================================
DAG File Processing Stats

File Path                 PID    Runtime      # DAGs    # Errors  Last Runtime    Last Run
------------------------  -----  ---------  --------  ----------  --------------  -------------------
/opt/airflow/dags/dag.py                           0           1  0.22s           2024-03-06T09:59:32
================================================================================
[2024-03-06T10:00:03.592+0000] {manager.py:879} INFO - 
================================================================================
DAG File Processing Stats

File Path                 PID    Runtime      # DAGs    # Errors  Last Runtime    Last Run
------------------------  -----  ---------  --------  ----------  --------------  -------------------
/opt/airflow/dags/dag.py                           0           1  0.21s           2024-03-06T10:00:03
================================================================================
[2024-03-06T10:00:34.174+0000] {manager.py:879} INFO - 
================================================================================
DAG File Processing Stats

File Path                 PID    Runtime      # DAGs    # Errors  Last Runtime    Last Run
------------------------  -----  ---------  --------  ----------  --------------  -------------------
/opt/airflow/dags/dag.py                           0           1  0.32s           2024-03-06T10:00:34
================================================================================
[2024-03-06T10:01:05.152+0000] {manager.py:879} INFO - 
================================================================================
DAG File Processing Stats

File Path                 PID    Runtime      # DAGs    # Errors  Last Runtime    Last Run
------------------------  -----  ---------  --------  ----------  --------------  -------------------
/opt/airflow/dags/dag.py                           0           1  0.21s           2024-03-06T10:01:05
================================================================================
[2024-03-06T10:01:35.989+0000] {manager.py:879} INFO - 
================================================================================
DAG File Processing Stats

File Path                 PID    Runtime      # DAGs    # Errors  Last Runtime    Last Run
------------------------  -----  ---------  --------  ----------  --------------  -------------------
/opt/airflow/dags/dag.py                           0           1  0.21s           2024-03-06T10:01:35
================================================================================
[2024-03-06T10:02:06.717+0000] {manager.py:879} INFO - 
================================================================================
DAG File Processing Stats

File Path                 PID    Runtime      # DAGs    # Errors  Last Runtime    Last Run
------------------------  -----  ---------  --------  ----------  --------------  -------------------
/opt/airflow/dags/dag.py                           0           1  0.21s           2024-03-06T10:02:06
================================================================================
[2024-03-06T10:02:26.036+0000] {manager.py:738} INFO - Searching for files in /opt/airflow/dags
[2024-03-06T10:02:26.096+0000] {manager.py:741} INFO - There are 1 files in /opt/airflow/dags
[2024-03-06T10:02:37.427+0000] {manager.py:879} INFO - 
================================================================================
DAG File Processing Stats

File Path                 PID    Runtime      # DAGs    # Errors  Last Runtime    Last Run
------------------------  -----  ---------  --------  ----------  --------------  -------------------
/opt/airflow/dags/dag.py                           0           1  0.21s           2024-03-06T10:02:37
================================================================================
[2024-03-06T10:03:07.821+0000] {manager.py:879} INFO - 
================================================================================
DAG File Processing Stats

File Path                 PID    Runtime      # DAGs    # Errors  Last Runtime    Last Run
------------------------  -----  ---------  --------  ----------  --------------  -------------------
/opt/airflow/dags/dag.py                           0           1  0.21s           2024-03-06T10:03:07
================================================================================
[2024-03-06T10:03:38.596+0000] {manager.py:879} INFO - 
================================================================================
DAG File Processing Stats

File Path                 PID    Runtime      # DAGs    # Errors  Last Runtime    Last Run
------------------------  -----  ---------  --------  ----------  --------------  -------------------
/opt/airflow/dags/dag.py                           0           1  0.21s           2024-03-06T10:03:38
================================================================================
[2024-03-06T10:04:09.517+0000] {manager.py:879} INFO - 
================================================================================
DAG File Processing Stats

File Path                 PID    Runtime      # DAGs    # Errors  Last Runtime    Last Run
------------------------  -----  ---------  --------  ----------  --------------  -------------------
/opt/airflow/dags/dag.py                           0           1  0.62s           2024-03-06T10:04:09
================================================================================
[2024-03-06T10:04:39.940+0000] {manager.py:879} INFO - 
================================================================================
DAG File Processing Stats

File Path                 PID    Runtime      # DAGs    # Errors  Last Runtime    Last Run
------------------------  -----  ---------  --------  ----------  --------------  -------------------
/opt/airflow/dags/dag.py                           0           1  0.32s           2024-03-06T10:04:39
================================================================================
[2024-03-06T10:05:11.015+0000] {manager.py:879} INFO - 
================================================================================
DAG File Processing Stats

File Path                 PID    Runtime      # DAGs    # Errors  Last Runtime    Last Run
------------------------  -----  ---------  --------  ----------  --------------  -------------------
/opt/airflow/dags/dag.py                           0           1  0.21s           2024-03-06T10:05:11
================================================================================
[2024-03-06T10:05:42.215+0000] {manager.py:879} INFO - 
================================================================================
DAG File Processing Stats

File Path                 PID    Runtime      # DAGs    # Errors  Last Runtime    Last Run
------------------------  -----  ---------  --------  ----------  --------------  -------------------
/opt/airflow/dags/dag.py                           0           1  0.21s           2024-03-06T10:05:42
================================================================================
[2024-03-06T10:06:12.524+0000] {manager.py:879} INFO - 
================================================================================
DAG File Processing Stats

File Path                 PID    Runtime      # DAGs    # Errors  Last Runtime    Last Run
------------------------  -----  ---------  --------  ----------  --------------  -------------------
/opt/airflow/dags/dag.py                           0           1  0.21s           2024-03-06T10:06:12
================================================================================
[2024-03-06T10:06:43.361+0000] {manager.py:879} INFO - 
================================================================================
DAG File Processing Stats

File Path                 PID    Runtime      # DAGs    # Errors  Last Runtime    Last Run
------------------------  -----  ---------  --------  ----------  --------------  -------------------
/opt/airflow/dags/dag.py                           0           1  0.21s           2024-03-06T10:06:43
================================================================================
[2024-03-06T10:07:13.751+0000] {manager.py:879} INFO - 
================================================================================
DAG File Processing Stats

File Path                 PID    Runtime      # DAGs    # Errors  Last Runtime    Last Run
------------------------  -----  ---------  --------  ----------  --------------  -------------------
/opt/airflow/dags/dag.py                           0           1  0.21s           2024-03-06T10:07:13
================================================================================
[2024-03-06T10:07:26.258+0000] {manager.py:738} INFO - Searching for files in /opt/airflow/dags
[2024-03-06T10:07:26.353+0000] {manager.py:741} INFO - There are 1 files in /opt/airflow/dags
[2024-03-06T10:07:44.547+0000] {manager.py:879} INFO - 
================================================================================
DAG File Processing Stats

File Path                 PID    Runtime      # DAGs    # Errors  Last Runtime    Last Run
------------------------  -----  ---------  --------  ----------  --------------  -------------------
/opt/airflow/dags/dag.py                           0           1  0.22s           2024-03-06T10:07:44
================================================================================
[2024-03-06T10:08:15.296+0000] {manager.py:879} INFO - 
================================================================================
DAG File Processing Stats

File Path                 PID    Runtime      # DAGs    # Errors  Last Runtime    Last Run
------------------------  -----  ---------  --------  ----------  --------------  -------------------
/opt/airflow/dags/dag.py                           0           1  0.22s           2024-03-06T10:08:15
================================================================================
[2024-03-06T10:08:45.950+0000] {manager.py:879} INFO - 
================================================================================
DAG File Processing Stats

File Path                 PID    Runtime      # DAGs    # Errors  Last Runtime    Last Run
------------------------  -----  ---------  --------  ----------  --------------  -------------------
/opt/airflow/dags/dag.py                           0           1  0.21s           2024-03-06T10:08:45
================================================================================
[2024-03-06T10:09:16.686+0000] {manager.py:879} INFO - 
================================================================================
DAG File Processing Stats

File Path                 PID    Runtime      # DAGs    # Errors  Last Runtime    Last Run
------------------------  -----  ---------  --------  ----------  --------------  -------------------
/opt/airflow/dags/dag.py                           0           1  0.21s           2024-03-06T10:09:16
================================================================================
[2024-03-06T10:09:47.572+0000] {manager.py:879} INFO - 
================================================================================
DAG File Processing Stats

File Path                 PID    Runtime      # DAGs    # Errors  Last Runtime    Last Run
------------------------  -----  ---------  --------  ----------  --------------  -------------------
/opt/airflow/dags/dag.py                           0           1  0.31s           2024-03-06T10:09:47
================================================================================
[2024-03-06T10:10:18.616+0000] {manager.py:879} INFO - 
================================================================================
DAG File Processing Stats

File Path                 PID    Runtime      # DAGs    # Errors  Last Runtime    Last Run
------------------------  -----  ---------  --------  ----------  --------------  -------------------
/opt/airflow/dags/dag.py                           0           1  0.21s           2024-03-06T10:10:18
================================================================================
[2024-03-06T10:10:49.614+0000] {manager.py:879} INFO - 
================================================================================
DAG File Processing Stats

File Path                 PID    Runtime      # DAGs    # Errors  Last Runtime    Last Run
------------------------  -----  ---------  --------  ----------  --------------  -------------------
/opt/airflow/dags/dag.py                           0           1  0.32s           2024-03-06T10:10:49
================================================================================
[2024-03-06T11:23:29.228+0000] {manager.py:469} INFO - Processing files using up to 1 processes at a time 
[2024-03-06T11:23:29.273+0000] {manager.py:470} INFO - Process each file at most once every 30 seconds
[2024-03-06T11:23:29.302+0000] {manager.py:471} INFO - Checking for new files in /opt/airflow/dags every 300 seconds
[2024-03-06T11:23:29.322+0000] {manager.py:738} INFO - Searching for files in /opt/airflow/dags
[2024-03-06T11:23:34.679+0000] {manager.py:741} INFO - There are 1 files in /opt/airflow/dags
[2024-03-06T11:23:40.277+0000] {manager.py:879} INFO - 
================================================================================
DAG File Processing Stats

File Path                 PID    Runtime      # DAGs    # Errors  Last Runtime    Last Run
------------------------  -----  ---------  --------  ----------  --------------  -------------------
/opt/airflow/dags/dag.py                           0           1  2.75s           2024-03-06T11:23:40
================================================================================
[2024-03-06T11:24:12.891+0000] {manager.py:879} INFO - 
================================================================================
DAG File Processing Stats

File Path                 PID    Runtime      # DAGs    # Errors  Last Runtime    Last Run
------------------------  -----  ---------  --------  ----------  --------------  -------------------
/opt/airflow/dags/dag.py                           0           1  2.44s           2024-03-06T11:24:12
================================================================================
[2024-03-06T11:24:45.905+0000] {manager.py:879} INFO - 
================================================================================
DAG File Processing Stats

File Path                 PID    Runtime      # DAGs    # Errors  Last Runtime    Last Run
------------------------  -----  ---------  --------  ----------  --------------  -------------------
/opt/airflow/dags/dag.py                           0           1  2.42s           2024-03-06T11:24:45
================================================================================
[2024-03-06T11:25:18.128+0000] {manager.py:879} INFO - 
================================================================================
DAG File Processing Stats

File Path                 PID    Runtime      # DAGs    # Errors  Last Runtime    Last Run
------------------------  -----  ---------  --------  ----------  --------------  -------------------
/opt/airflow/dags/dag.py                           0           1  1.43s           2024-03-06T11:25:18
================================================================================
[2024-03-06T11:25:49.419+0000] {manager.py:879} INFO - 
================================================================================
DAG File Processing Stats

File Path                 PID    Runtime      # DAGs    # Errors  Last Runtime    Last Run
------------------------  -----  ---------  --------  ----------  --------------  -------------------
/opt/airflow/dags/dag.py                           0           1  0.81s           2024-03-06T11:25:49
================================================================================
[2024-03-06T11:26:26.839+0000] {manager.py:879} INFO - 
================================================================================
DAG File Processing Stats

File Path                 PID    Runtime      # DAGs    # Errors  Last Runtime    Last Run
------------------------  -----  ---------  --------  ----------  --------------  -------------------
/opt/airflow/dags/dag.py                           0           1  6.47s           2024-03-06T11:26:26
================================================================================
[2024-03-06T11:57:58.167+0000] {manager.py:469} INFO - Processing files using up to 1 processes at a time 
[2024-03-06T11:57:58.190+0000] {manager.py:470} INFO - Process each file at most once every 30 seconds
[2024-03-06T11:57:58.195+0000] {manager.py:471} INFO - Checking for new files in /opt/airflow/dags every 300 seconds
[2024-03-06T11:57:58.268+0000] {manager.py:738} INFO - Searching for files in /opt/airflow/dags
[2024-03-06T11:58:05.418+0000] {manager.py:741} INFO - There are 1 files in /opt/airflow/dags
[2024-03-06T11:58:12.020+0000] {manager.py:879} INFO - 
================================================================================
DAG File Processing Stats

File Path                 PID    Runtime      # DAGs    # Errors  Last Runtime    Last Run
------------------------  -----  ---------  --------  ----------  --------------  -------------------
/opt/airflow/dags/dag.py                           0           1  0.84s           2024-03-06T11:58:12
================================================================================
[2024-03-06T11:58:43.904+0000] {manager.py:879} INFO - 
================================================================================
DAG File Processing Stats

File Path                 PID    Runtime      # DAGs    # Errors  Last Runtime    Last Run
------------------------  -----  ---------  --------  ----------  --------------  -------------------
/opt/airflow/dags/dag.py                           0           1  0.45s           2024-03-06T11:58:43
================================================================================
[2024-03-06T11:59:14.599+0000] {manager.py:879} INFO - 
================================================================================
DAG File Processing Stats

File Path                 PID    Runtime      # DAGs    # Errors  Last Runtime    Last Run
------------------------  -----  ---------  --------  ----------  --------------  -------------------
/opt/airflow/dags/dag.py                           0           1  0.31s           2024-03-06T11:59:14
================================================================================
[2024-03-06T11:59:46.218+0000] {manager.py:879} INFO - 
================================================================================
DAG File Processing Stats

File Path                 PID    Runtime      # DAGs    # Errors  Last Runtime    Last Run
------------------------  -----  ---------  --------  ----------  --------------  -------------------
/opt/airflow/dags/dag.py                           0           1  1.01s           2024-03-06T11:59:46
================================================================================
[2024-03-06T12:00:16.965+0000] {manager.py:879} INFO - 
================================================================================
DAG File Processing Stats

File Path                 PID    Runtime      # DAGs    # Errors  Last Runtime    Last Run
------------------------  -----  ---------  --------  ----------  --------------  -------------------
/opt/airflow/dags/dag.py                           0           1  0.21s           2024-03-06T12:00:16
================================================================================
[2024-03-06T12:00:48.399+0000] {manager.py:879} INFO - 
================================================================================
DAG File Processing Stats

File Path                 PID    Runtime      # DAGs    # Errors  Last Runtime    Last Run
------------------------  -----  ---------  --------  ----------  --------------  -------------------
/opt/airflow/dags/dag.py                           0           1  0.31s           2024-03-06T12:00:48
================================================================================
[2024-03-06T12:01:18.878+0000] {manager.py:879} INFO - 
================================================================================
DAG File Processing Stats

File Path                 PID    Runtime      # DAGs    # Errors  Last Runtime    Last Run
------------------------  -----  ---------  --------  ----------  --------------  -------------------
/opt/airflow/dags/dag.py                           0           1  0.31s           2024-03-06T12:01:18
================================================================================
[2024-03-06T12:01:49.447+0000] {manager.py:879} INFO - 
================================================================================
DAG File Processing Stats

File Path                 PID    Runtime      # DAGs    # Errors  Last Runtime    Last Run
------------------------  -----  ---------  --------  ----------  --------------  -------------------
/opt/airflow/dags/dag.py                           0           1  0.21s           2024-03-06T12:01:49
================================================================================
[2024-03-06T12:02:19.859+0000] {manager.py:879} INFO - 
================================================================================
DAG File Processing Stats

File Path                 PID    Runtime      # DAGs    # Errors  Last Runtime    Last Run
------------------------  -----  ---------  --------  ----------  --------------  -------------------
/opt/airflow/dags/dag.py                           0           1  0.21s           2024-03-06T12:02:19
================================================================================
[2024-03-06T12:02:50.358+0000] {manager.py:879} INFO - 
================================================================================
DAG File Processing Stats

File Path                 PID    Runtime      # DAGs    # Errors  Last Runtime    Last Run
------------------------  -----  ---------  --------  ----------  --------------  -------------------
/opt/airflow/dags/dag.py                           0           1  0.21s           2024-03-06T12:02:50
================================================================================
[2024-03-06T12:02:58.875+0000] {manager.py:738} INFO - Searching for files in /opt/airflow/dags
[2024-03-06T12:02:59.043+0000] {manager.py:741} INFO - There are 1 files in /opt/airflow/dags
[2024-03-06T12:03:21.382+0000] {manager.py:879} INFO - 
================================================================================
DAG File Processing Stats

File Path                 PID    Runtime      # DAGs    # Errors  Last Runtime    Last Run
------------------------  -----  ---------  --------  ----------  --------------  -------------------
/opt/airflow/dags/dag.py                           0           1  0.21s           2024-03-06T12:03:21
================================================================================
[2024-03-06T12:03:52.495+0000] {manager.py:879} INFO - 
================================================================================
DAG File Processing Stats

File Path                 PID    Runtime      # DAGs    # Errors  Last Runtime    Last Run
------------------------  -----  ---------  --------  ----------  --------------  -------------------
/opt/airflow/dags/dag.py                           0           1  0.21s           2024-03-06T12:03:52
================================================================================
[2024-03-06T12:04:23.587+0000] {manager.py:879} INFO - 
================================================================================
DAG File Processing Stats

File Path                 PID    Runtime      # DAGs    # Errors  Last Runtime    Last Run
------------------------  -----  ---------  --------  ----------  --------------  -------------------
/opt/airflow/dags/dag.py                           0           1  0.21s           2024-03-06T12:04:23
================================================================================
[2024-03-06T12:04:54.739+0000] {manager.py:879} INFO - 
================================================================================
DAG File Processing Stats

File Path                 PID    Runtime      # DAGs    # Errors  Last Runtime    Last Run
------------------------  -----  ---------  --------  ----------  --------------  -------------------
/opt/airflow/dags/dag.py                           0           1  0.21s           2024-03-06T12:04:54
================================================================================
[2024-03-06T12:05:25.751+0000] {manager.py:879} INFO - 
================================================================================
DAG File Processing Stats

File Path                 PID    Runtime      # DAGs    # Errors  Last Runtime    Last Run
------------------------  -----  ---------  --------  ----------  --------------  -------------------
/opt/airflow/dags/dag.py                           0           1  0.21s           2024-03-06T12:05:25
================================================================================
[2024-03-06T12:05:57.435+0000] {manager.py:879} INFO - 
================================================================================
DAG File Processing Stats

File Path                 PID    Runtime      # DAGs    # Errors  Last Runtime    Last Run
------------------------  -----  ---------  --------  ----------  --------------  -------------------
/opt/airflow/dags/dag.py                           0           1  0.81s           2024-03-06T12:05:57
================================================================================
[2024-03-06T12:06:28.655+0000] {manager.py:879} INFO - 
================================================================================
DAG File Processing Stats

File Path                 PID    Runtime      # DAGs    # Errors  Last Runtime    Last Run
------------------------  -----  ---------  --------  ----------  --------------  -------------------
/opt/airflow/dags/dag.py                           0           1  0.91s           2024-03-06T12:06:28
================================================================================
[2024-03-06T12:06:59.151+0000] {manager.py:879} INFO - 
================================================================================
DAG File Processing Stats

File Path                 PID    Runtime      # DAGs    # Errors  Last Runtime    Last Run
------------------------  -----  ---------  --------  ----------  --------------  -------------------
/opt/airflow/dags/dag.py                           0           1  0.21s           2024-03-06T12:06:59
================================================================================
[2024-03-06T12:07:29.391+0000] {manager.py:879} INFO - 
================================================================================
DAG File Processing Stats

File Path                 PID    Runtime      # DAGs    # Errors  Last Runtime    Last Run
------------------------  -----  ---------  --------  ----------  --------------  -------------------
/opt/airflow/dags/dag.py                           0           1  0.21s           2024-03-06T12:07:29
================================================================================
[2024-03-06T12:07:59.093+0000] {manager.py:738} INFO - Searching for files in /opt/airflow/dags
[2024-03-06T12:07:59.342+0000] {manager.py:741} INFO - There are 1 files in /opt/airflow/dags
[2024-03-06T12:07:59.658+0000] {manager.py:879} INFO - 
================================================================================
DAG File Processing Stats

File Path                 PID    Runtime      # DAGs    # Errors  Last Runtime    Last Run
------------------------  -----  ---------  --------  ----------  --------------  -------------------
/opt/airflow/dags/dag.py                           0           1  0.21s           2024-03-06T12:07:59
================================================================================
[2024-03-06T12:08:30.240+0000] {manager.py:879} INFO - 
================================================================================
DAG File Processing Stats

File Path                 PID    Runtime      # DAGs    # Errors  Last Runtime    Last Run
------------------------  -----  ---------  --------  ----------  --------------  -------------------
/opt/airflow/dags/dag.py                           0           1  0.21s           2024-03-06T12:08:30
================================================================================
[2024-03-06T12:09:00.732+0000] {manager.py:879} INFO - 
================================================================================
DAG File Processing Stats

File Path                 PID    Runtime      # DAGs    # Errors  Last Runtime    Last Run
------------------------  -----  ---------  --------  ----------  --------------  -------------------
/opt/airflow/dags/dag.py                           0           1  0.21s           2024-03-06T12:09:00
================================================================================
[2024-03-06T12:09:31.332+0000] {manager.py:879} INFO - 
================================================================================
DAG File Processing Stats

File Path                 PID    Runtime      # DAGs    # Errors  Last Runtime    Last Run
------------------------  -----  ---------  --------  ----------  --------------  -------------------
/opt/airflow/dags/dag.py                           0           1  0.32s           2024-03-06T12:09:31
================================================================================
[2024-03-06T12:10:01.852+0000] {manager.py:879} INFO - 
================================================================================
DAG File Processing Stats

File Path                 PID    Runtime      # DAGs    # Errors  Last Runtime    Last Run
------------------------  -----  ---------  --------  ----------  --------------  -------------------
/opt/airflow/dags/dag.py                           0           1  0.21s           2024-03-06T12:10:01
================================================================================
[2024-03-06T12:10:32.110+0000] {manager.py:879} INFO - 
================================================================================
DAG File Processing Stats

File Path                 PID    Runtime      # DAGs    # Errors  Last Runtime    Last Run
------------------------  -----  ---------  --------  ----------  --------------  -------------------
/opt/airflow/dags/dag.py                           0           1  0.21s           2024-03-06T12:10:32
================================================================================
[2024-03-06T12:11:02.578+0000] {manager.py:879} INFO - 
================================================================================
DAG File Processing Stats

File Path                 PID    Runtime      # DAGs    # Errors  Last Runtime    Last Run
------------------------  -----  ---------  --------  ----------  --------------  -------------------
/opt/airflow/dags/dag.py                           0           1  0.21s           2024-03-06T12:11:02
================================================================================
[2024-03-06T12:11:33.055+0000] {manager.py:879} INFO - 
================================================================================
DAG File Processing Stats

File Path                 PID    Runtime      # DAGs    # Errors  Last Runtime    Last Run
------------------------  -----  ---------  --------  ----------  --------------  -------------------
/opt/airflow/dags/dag.py                           0           1  0.21s           2024-03-06T12:11:33
================================================================================
[2024-03-06T12:12:03.466+0000] {manager.py:879} INFO - 
================================================================================
DAG File Processing Stats

File Path                 PID    Runtime      # DAGs    # Errors  Last Runtime    Last Run
------------------------  -----  ---------  --------  ----------  --------------  -------------------
/opt/airflow/dags/dag.py                           0           1  0.21s           2024-03-06T12:12:03
================================================================================
[2024-03-06T12:12:34.031+0000] {manager.py:879} INFO - 
================================================================================
DAG File Processing Stats

File Path                 PID    Runtime      # DAGs    # Errors  Last Runtime    Last Run
------------------------  -----  ---------  --------  ----------  --------------  -------------------
/opt/airflow/dags/dag.py                           0           1  0.21s           2024-03-06T12:12:34
================================================================================
[2024-03-06T12:12:59.764+0000] {manager.py:738} INFO - Searching for files in /opt/airflow/dags
[2024-03-06T12:12:59.987+0000] {manager.py:741} INFO - There are 1 files in /opt/airflow/dags
[2024-03-06T12:13:04.546+0000] {manager.py:879} INFO - 
================================================================================
DAG File Processing Stats

File Path                 PID    Runtime      # DAGs    # Errors  Last Runtime    Last Run
------------------------  -----  ---------  --------  ----------  --------------  -------------------
/opt/airflow/dags/dag.py                           0           1  0.21s           2024-03-06T12:13:04
================================================================================
[2024-03-06T12:13:35.048+0000] {manager.py:879} INFO - 
================================================================================
DAG File Processing Stats

File Path                 PID    Runtime      # DAGs    # Errors  Last Runtime    Last Run
------------------------  -----  ---------  --------  ----------  --------------  -------------------
/opt/airflow/dags/dag.py                           0           1  0.21s           2024-03-06T12:13:35
================================================================================
[2024-03-06T12:14:05.361+0000] {manager.py:879} INFO - 
================================================================================
DAG File Processing Stats

File Path                 PID    Runtime      # DAGs    # Errors  Last Runtime    Last Run
------------------------  -----  ---------  --------  ----------  --------------  -------------------
/opt/airflow/dags/dag.py                           0           1  0.21s           2024-03-06T12:14:05
================================================================================
[2024-03-06T12:14:35.869+0000] {manager.py:879} INFO - 
================================================================================
DAG File Processing Stats

File Path                 PID    Runtime      # DAGs    # Errors  Last Runtime    Last Run
------------------------  -----  ---------  --------  ----------  --------------  -------------------
/opt/airflow/dags/dag.py                           0           1  0.21s           2024-03-06T12:14:35
================================================================================
[2024-03-06T12:15:06.191+0000] {manager.py:879} INFO - 
================================================================================
DAG File Processing Stats

File Path                 PID    Runtime      # DAGs    # Errors  Last Runtime    Last Run
------------------------  -----  ---------  --------  ----------  --------------  -------------------
/opt/airflow/dags/dag.py                           0           1  0.21s           2024-03-06T12:15:06
================================================================================
[2024-03-06T12:15:36.822+0000] {manager.py:879} INFO - 
================================================================================
DAG File Processing Stats

File Path                 PID    Runtime      # DAGs    # Errors  Last Runtime    Last Run
------------------------  -----  ---------  --------  ----------  --------------  -------------------
/opt/airflow/dags/dag.py                           0           1  0.31s           2024-03-06T12:15:36
================================================================================
[2024-03-06T12:16:07.225+0000] {manager.py:879} INFO - 
================================================================================
DAG File Processing Stats

File Path                 PID    Runtime      # DAGs    # Errors  Last Runtime    Last Run
------------------------  -----  ---------  --------  ----------  --------------  -------------------
/opt/airflow/dags/dag.py                           0           1  0.21s           2024-03-06T12:16:07
================================================================================
[2024-03-06T12:16:37.808+0000] {manager.py:879} INFO - 
================================================================================
DAG File Processing Stats

File Path                 PID    Runtime      # DAGs    # Errors  Last Runtime    Last Run
------------------------  -----  ---------  --------  ----------  --------------  -------------------
/opt/airflow/dags/dag.py                           0           1  0.21s           2024-03-06T12:16:37
================================================================================
[2024-03-06T12:17:08.309+0000] {manager.py:879} INFO - 
================================================================================
DAG File Processing Stats

File Path                 PID    Runtime      # DAGs    # Errors  Last Runtime    Last Run
------------------------  -----  ---------  --------  ----------  --------------  -------------------
/opt/airflow/dags/dag.py                           0           1  0.21s           2024-03-06T12:17:08
================================================================================
[2024-03-06T12:17:38.784+0000] {manager.py:879} INFO - 
================================================================================
DAG File Processing Stats

File Path                 PID    Runtime      # DAGs    # Errors  Last Runtime    Last Run
------------------------  -----  ---------  --------  ----------  --------------  -------------------
/opt/airflow/dags/dag.py                           0           1  0.21s           2024-03-06T12:17:38
================================================================================
[2024-03-06T12:18:00.207+0000] {manager.py:738} INFO - Searching for files in /opt/airflow/dags
[2024-03-06T12:18:00.400+0000] {manager.py:741} INFO - There are 1 files in /opt/airflow/dags
[2024-03-06T12:18:09.260+0000] {manager.py:879} INFO - 
================================================================================
DAG File Processing Stats

File Path                 PID    Runtime      # DAGs    # Errors  Last Runtime    Last Run
------------------------  -----  ---------  --------  ----------  --------------  -------------------
/opt/airflow/dags/dag.py                           0           1  0.21s           2024-03-06T12:18:09
================================================================================
[2024-03-06T12:18:40.129+0000] {manager.py:879} INFO - 
================================================================================
DAG File Processing Stats

File Path                 PID    Runtime      # DAGs    # Errors  Last Runtime    Last Run
------------------------  -----  ---------  --------  ----------  --------------  -------------------
/opt/airflow/dags/dag.py                           0           1  0.31s           2024-03-06T12:18:40
================================================================================
[2024-03-06T12:19:10.721+0000] {manager.py:879} INFO - 
================================================================================
DAG File Processing Stats

File Path                 PID    Runtime      # DAGs    # Errors  Last Runtime    Last Run
------------------------  -----  ---------  --------  ----------  --------------  -------------------
/opt/airflow/dags/dag.py                           0           1  0.31s           2024-03-06T12:19:10
================================================================================
[2024-03-06T12:19:41.276+0000] {manager.py:879} INFO - 
================================================================================
DAG File Processing Stats

File Path                 PID    Runtime      # DAGs    # Errors  Last Runtime    Last Run
------------------------  -----  ---------  --------  ----------  --------------  -------------------
/opt/airflow/dags/dag.py                           0           1  0.21s           2024-03-06T12:19:41
================================================================================
[2024-03-06T12:20:11.971+0000] {manager.py:879} INFO - 
================================================================================
DAG File Processing Stats

File Path                 PID    Runtime      # DAGs    # Errors  Last Runtime    Last Run
------------------------  -----  ---------  --------  ----------  --------------  -------------------
/opt/airflow/dags/dag.py                           0           1  0.21s           2024-03-06T12:20:11
================================================================================
[2024-03-06T12:20:42.505+0000] {manager.py:879} INFO - 
================================================================================
DAG File Processing Stats

File Path                 PID    Runtime      # DAGs    # Errors  Last Runtime    Last Run
------------------------  -----  ---------  --------  ----------  --------------  -------------------
/opt/airflow/dags/dag.py                           0           1  0.21s           2024-03-06T12:20:42
================================================================================
[2024-03-06T12:21:13.376+0000] {manager.py:879} INFO - 
================================================================================
DAG File Processing Stats

File Path                 PID    Runtime      # DAGs    # Errors  Last Runtime    Last Run
------------------------  -----  ---------  --------  ----------  --------------  -------------------
/opt/airflow/dags/dag.py                           0           1  0.21s           2024-03-06T12:21:13
================================================================================
[2024-03-06T12:21:43.897+0000] {manager.py:879} INFO - 
================================================================================
DAG File Processing Stats

File Path                 PID    Runtime      # DAGs    # Errors  Last Runtime    Last Run
------------------------  -----  ---------  --------  ----------  --------------  -------------------
/opt/airflow/dags/dag.py                           0           1  0.21s           2024-03-06T12:21:43
================================================================================
[2024-03-06T12:22:14.406+0000] {manager.py:879} INFO - 
================================================================================
DAG File Processing Stats

File Path                 PID    Runtime      # DAGs    # Errors  Last Runtime    Last Run
------------------------  -----  ---------  --------  ----------  --------------  -------------------
/opt/airflow/dags/dag.py                           0           1  0.21s           2024-03-06T12:22:14
================================================================================
[2024-03-06T12:22:44.923+0000] {manager.py:879} INFO - 
================================================================================
DAG File Processing Stats

File Path                 PID    Runtime      # DAGs    # Errors  Last Runtime    Last Run
------------------------  -----  ---------  --------  ----------  --------------  -------------------
/opt/airflow/dags/dag.py                           0           1  0.21s           2024-03-06T12:22:44
================================================================================
[2024-03-06T12:23:00.601+0000] {manager.py:738} INFO - Searching for files in /opt/airflow/dags
[2024-03-06T12:23:00.860+0000] {manager.py:741} INFO - There are 1 files in /opt/airflow/dags
[2024-03-06T12:23:15.582+0000] {manager.py:879} INFO - 
================================================================================
DAG File Processing Stats

File Path                 PID    Runtime      # DAGs    # Errors  Last Runtime    Last Run
------------------------  -----  ---------  --------  ----------  --------------  -------------------
/opt/airflow/dags/dag.py                           0           1  0.31s           2024-03-06T12:23:15
================================================================================
[2024-03-06T12:23:46.069+0000] {manager.py:879} INFO - 
================================================================================
DAG File Processing Stats

File Path                 PID    Runtime      # DAGs    # Errors  Last Runtime    Last Run
------------------------  -----  ---------  --------  ----------  --------------  -------------------
/opt/airflow/dags/dag.py                           0           1  0.32s           2024-03-06T12:23:46
================================================================================
[2024-03-06T12:24:16.562+0000] {manager.py:879} INFO - 
================================================================================
DAG File Processing Stats

File Path                 PID    Runtime      # DAGs    # Errors  Last Runtime    Last Run
------------------------  -----  ---------  --------  ----------  --------------  -------------------
/opt/airflow/dags/dag.py                           0           1  0.21s           2024-03-06T12:24:16
================================================================================
[2024-03-06T12:24:47.061+0000] {manager.py:879} INFO - 
================================================================================
DAG File Processing Stats

File Path                 PID    Runtime      # DAGs    # Errors  Last Runtime    Last Run
------------------------  -----  ---------  --------  ----------  --------------  -------------------
/opt/airflow/dags/dag.py                           0           1  0.21s           2024-03-06T12:24:47
================================================================================
[2024-03-06T12:25:20.075+0000] {manager.py:879} INFO - 
================================================================================
DAG File Processing Stats

File Path                 PID    Runtime      # DAGs    # Errors  Last Runtime    Last Run
------------------------  -----  ---------  --------  ----------  --------------  -------------------
/opt/airflow/dags/dag.py                           0           1  2.31s           2024-03-06T12:25:20
================================================================================
[2024-03-06T12:25:50.695+0000] {manager.py:879} INFO - 
================================================================================
DAG File Processing Stats

File Path                 PID    Runtime      # DAGs    # Errors  Last Runtime    Last Run
------------------------  -----  ---------  --------  ----------  --------------  -------------------
/opt/airflow/dags/dag.py                           0           1  0.21s           2024-03-06T12:25:50
================================================================================
[2024-03-06T12:26:21.426+0000] {manager.py:879} INFO - 
================================================================================
DAG File Processing Stats

File Path                 PID    Runtime      # DAGs    # Errors  Last Runtime    Last Run
------------------------  -----  ---------  --------  ----------  --------------  -------------------
/opt/airflow/dags/dag.py                           0           1  0.21s           2024-03-06T12:26:21
================================================================================
[2024-03-06T12:26:51.883+0000] {manager.py:879} INFO - 
================================================================================
DAG File Processing Stats

File Path                 PID    Runtime      # DAGs    # Errors  Last Runtime    Last Run
------------------------  -----  ---------  --------  ----------  --------------  -------------------
/opt/airflow/dags/dag.py                           0           1  0.41s           2024-03-06T12:26:51
================================================================================
[2024-03-06T12:27:22.474+0000] {manager.py:879} INFO - 
================================================================================
DAG File Processing Stats

File Path                 PID    Runtime      # DAGs    # Errors  Last Runtime    Last Run
------------------------  -----  ---------  --------  ----------  --------------  -------------------
/opt/airflow/dags/dag.py                           0           1  0.21s           2024-03-06T12:27:22
================================================================================
[2024-03-06T12:27:52.956+0000] {manager.py:879} INFO - 
================================================================================
DAG File Processing Stats

File Path                 PID    Runtime      # DAGs    # Errors  Last Runtime    Last Run
------------------------  -----  ---------  --------  ----------  --------------  -------------------
/opt/airflow/dags/dag.py                           0           1  0.21s           2024-03-06T12:27:52
================================================================================
[2024-03-06T12:28:00.855+0000] {manager.py:738} INFO - Searching for files in /opt/airflow/dags
[2024-03-06T12:28:01.188+0000] {manager.py:741} INFO - There are 1 files in /opt/airflow/dags
